0 info it worked if it ends with ok
1 verbose cli [ '/usr/local/bin/node',
1 verbose cli   '/usr/local/bin/npm',
1 verbose cli   'uninstall',
1 verbose cli   'jsdom' ]
2 info using npm@1.3.11
3 info using node@v0.10.20
4 info /Users/tomer/Documents/development/lint237/csslint/node_modules/jsdom unbuild
5 info preuninstall jsdom@0.8.8
6 info uninstall jsdom@0.8.8
7 verbose true,/Users/tomer/Documents/development/lint237/csslint/node_modules,/Users/tomer/Documents/development/lint237/csslint/node_modules unbuild jsdom@0.8.8
8 info postuninstall jsdom@0.8.8
9 error Error: EACCES, unlink '/Users/tomer/Documents/development/lint237/csslint/node_modules/jsdom/node_modules/contextify/build/Makefile'
9 error  { [Error: EACCES, unlink '/Users/tomer/Documents/development/lint237/csslint/node_modules/jsdom/node_modules/contextify/build/Makefile']
9 error   errno: 3,
9 error   code: 'EACCES',
9 error   path: '/Users/tomer/Documents/development/lint237/csslint/node_modules/jsdom/node_modules/contextify/build/Makefile' }
10 error Please try running this command again as root/Administrator.
11 error System Darwin 12.4.0
12 error command "/usr/local/bin/node" "/usr/local/bin/npm" "uninstall" "jsdom"
13 error cwd /Users/tomer/Documents/development/lint237/csslint
14 error node -v v0.10.20
15 error npm -v 1.3.11
16 error path /Users/tomer/Documents/development/lint237/csslint/node_modules/jsdom/node_modules/contextify/build/Makefile
17 error code EACCES
18 error errno 3
19 error stack Error: EACCES, unlink '/Users/tomer/Documents/development/lint237/csslint/node_modules/jsdom/node_modules/contextify/build/Makefile'
20 verbose exit [ 3, true ]
